#
# There is insufficient memory for the Java Runtime Environment to continue.
# Native memory allocation (malloc) failed to allocate 32744 bytes for ChunkPool::allocate
# Possible reasons:
#   The system is out of physical RAM or swap space
#   In 32 bit mode, the process size limit was hit
# Possible solutions:
#   Reduce memory load on the system
#   Increase physical memory or swap space
#   Check if swap backing store is full
#   Use 64 bit Java on a 64 bit OS
#   Decrease Java heap size (-Xmx/-Xms)
#   Decrease number of Java threads
#   Decrease Java thread stack sizes (-Xss)
#   Set larger code cache with -XX:ReservedCodeCacheSize=
# This output file may be truncated or incomplete.
#
#  Out of Memory Error (allocation.cpp:273), pid=10836, tid=0x00000000000004b0
#
# JRE version: Java(TM) SE Runtime Environment (8.0_111-b14) (build 1.8.0_111-b14)
# Java VM: Java HotSpot(TM) 64-Bit Server VM (25.111-b14 mixed mode windows-amd64 compressed oops)
# Failed to write core dump. Minidumps are not enabled by default on client versions of Windows
#

---------------  T H R E A D  ---------------

Current thread (0x000000001744a800):  JavaThread "C2 CompilerThread0" daemon [_thread_in_native, id=1200, stack(0x0000000018950000,0x0000000018a50000)]

Stack: [0x0000000018950000,0x0000000018a50000]
[error occurred during error reporting (printing stack bounds), id 0xc0000005]

Native frames: (J=compiled Java code, j=interpreted, Vv=VM code, C=native code)


Current CompileTask:
C2:    236   86       4       java.lang.String::indexOf (70 bytes)


---------------  P R O C E S S  ---------------

Java Threads: ( => current thread )
  0x0000000018ac8800 JavaThread "Service Thread" daemon [_thread_blocked, id=640, stack(0x0000000019050000,0x0000000019150000)]
  0x0000000018a53000 JavaThread "C1 CompilerThread2" daemon [_thread_in_native, id=2668, stack(0x0000000018f50000,0x0000000019050000)]
  0x0000000018a50800 JavaThread "C2 CompilerThread1" daemon [_thread_blocked, id=4936, stack(0x0000000018e50000,0x0000000018f50000)]
=>0x000000001744a800 JavaThread "C2 CompilerThread0" daemon [_thread_in_native, id=1200, stack(0x0000000018950000,0x0000000018a50000)]
  0x00000000173fe800 JavaThread "Attach Listener" daemon [_thread_blocked, id=4924, stack(0x0000000018850000,0x0000000018950000)]
  0x00000000173fd800 JavaThread "Signal Dispatcher" daemon [_thread_blocked, id=556, stack(0x0000000018750000,0x0000000018850000)]
  0x00000000173da800 JavaThread "Finalizer" daemon [_thread_blocked, id=2660, stack(0x0000000018650000,0x0000000018750000)]
  0x00000000173b9000 JavaThread "Reference Handler" daemon [_thread_blocked, id=4960, stack(0x0000000018550000,0x0000000018650000)]
  0x0000000002740800 JavaThread "main" [_thread_in_Java, id=2664, stack(0x0000000002640000,0x0000000002740000)]

Other Threads:
  0x00000000173b7000 VMThread [stack: 0x0000000018450000,0x0000000018550000] [id=6636]
  0x0000000018b16000 WatcherThread [stack: 0x0000000019150000,0x0000000019250000] [id=2516]

VM state:not at safepoint (normal execution)

VM Mutex/Monitor currently owned by a thread: None

Heap:
 PSYoungGen      total 38400K, used 1996K [0x00000000d5980000, 0x00000000d8400000, 0x0000000100000000)
  eden space 33280K, 6% used [0x00000000d5980000,0x00000000d5b73348,0x00000000d7a00000)
  from space 5120K, 0% used [0x00000000d7f00000,0x00000000d7f00000,0x00000000d8400000)
  to   space 5120K, 0% used [0x00000000d7a00000,0x00000000d7a00000,0x00000000d7f00000)
 ParOldGen       total 87552K, used 0K [0x0000000080c00000, 0x0000000086180000, 0x00000000d5980000)
  object space 87552K, 0% used [0x0000000080c00000,0x0000000080c00000,0x0000000086180000)
 Metaspace       used 4158K, capacity 4634K, committed 4864K, reserved 1056768K
  class space    used 454K, capacity 510K, committed 512K, reserved 1048576K

Card table byte_map: [0x0000000011c00000,0x0000000012000000] byte_map_base: 0x00000000117fa000

Marking Bits: (ParMarkBitMap*) 0x000000006720a6c0
 Begin Bits: [0x00000000126b0000, 0x0000000014680000)
 End Bits:   [0x0000000014680000, 0x0000000016650000)

Polling page: 0x0000000000ad0000

CodeCache: size=245760Kb used=1229Kb max_used=1229Kb free=244530Kb
 bounds [0x0000000002840000, 0x0000000002ab0000, 0x0000000011840000]
 total_blobs=366 nmethods=99 adapters=180
 compilation: enabled

Compilation events (10 events):
Event: 0.229 Thread 0x0000000018a53000 nmethod 85 0x000000000296cdd0 code [0x000000000296cf40, 0x000000000296d168]
Event: 0.229 Thread 0x0000000018a53000   87       1       java.util.ArrayList::access$100 (5 bytes)
Event: 0.229 Thread 0x0000000018a53000 nmethod 87 0x000000000296d250 code [0x000000000296d3a0, 0x000000000296d490]
Event: 0.230 Thread 0x0000000018a53000   88       3       java.util.ArrayList::ensureCapacityInternal (23 bytes)
Event: 0.230 Thread 0x0000000018a53000 nmethod 88 0x000000000296d510 code [0x000000000296d6a0, 0x000000000296d9c8]
Event: 0.230 Thread 0x0000000018a53000   89       3       java.util.ArrayList::ensureExplicitCapacity (26 bytes)
Event: 0.230 Thread 0x0000000018a53000 nmethod 89 0x000000000296db10 code [0x000000000296dc80, 0x000000000296de68]
Event: 0.230 Thread 0x0000000018a53000   90       3       java.util.ArrayList::add (29 bytes)
Event: 0.231 Thread 0x0000000018a53000 nmethod 90 0x000000000296e2d0 code [0x000000000296e460, 0x000000000296e968]
Event: 0.231 Thread 0x0000000018a53000   92   !   3       java.util.concurrent.ConcurrentHashMap::putVal (362 bytes)

GC Heap History (0 events):
No events

Deoptimization events (0 events):
No events

Internal exceptions (7 events):
Event: 0.058 Thread 0x0000000002740800 Exception <a 'java/lang/NoSuchMethodError': Method sun.misc.Unsafe.defineClass(Ljava/lang/String;[BII)Ljava/lang/Class; name or signature does not match> (0x00000000d5987c78) thrown at [C:\re\workspace\8-2-build-windows-amd64-cygwin\jdk8u111\7883\hotspot\
Event: 0.058 Thread 0x0000000002740800 Exception <a 'java/lang/NoSuchMethodError': Method sun.misc.Unsafe.prefetchRead(Ljava/lang/Object;J)V name or signature does not match> (0x00000000d5987f60) thrown at [C:\re\workspace\8-2-build-windows-amd64-cygwin\jdk8u111\7883\hotspot\src\share\vm\prims
Event: 0.193 Thread 0x0000000002740800 Exception <a 'java/security/PrivilegedActionException'> (0x00000000d5af1d70) thrown at [C:\re\workspace\8-2-build-windows-amd64-cygwin\jdk8u111\7883\hotspot\src\share\vm\prims\jvm.cpp, line 1386]
Event: 0.193 Thread 0x0000000002740800 Exception <a 'java/security/PrivilegedActionException'> (0x00000000d5af1f80) thrown at [C:\re\workspace\8-2-build-windows-amd64-cygwin\jdk8u111\7883\hotspot\src\share\vm\prims\jvm.cpp, line 1386]
Event: 0.194 Thread 0x0000000002740800 Exception <a 'java/security/PrivilegedActionException'> (0x00000000d5af46d8) thrown at [C:\re\workspace\8-2-build-windows-amd64-cygwin\jdk8u111\7883\hotspot\src\share\vm\prims\jvm.cpp, line 1386]
Event: 0.194 Thread 0x0000000002740800 Exception <a 'java/security/PrivilegedActionException'> (0x00000000d5af48e8) thrown at [C:\re\workspace\8-2-build-windows-amd64-cygwin\jdk8u111\7883\hotspot\src\share\vm\prims\jvm.cpp, line 1386]
Event: 0.205 Thread 0x0000000002740800 Exception <a 'java/io/FileNotFoundException'> (0x00000000d5b0cad0) thrown at [C:\re\workspace\8-2-build-windows-amd64-cygwin\jdk8u111\7883\hotspot\src\share\vm\prims\jni.cpp, line 709]

Events (10 events):
Event: 0.227 loading class java/util/RandomAccessSubList
Event: 0.227 loading class java/util/SubList
Event: 0.228 loading class java/util/SubList done
Event: 0.228 loading class java/util/RandomAccessSubList done
Event: 0.228 loading class java/util/SubList$1
Event: 0.228 loading class java/util/ListIterator
Event: 0.228 loading class java/util/ListIterator done
Event: 0.228 loading class java/util/SubList$1 done
Event: 0.228 loading class java/util/AbstractList$ListItr
Event: 0.228 loading class java/util/AbstractList$ListItr done


Dynamic libraries:
0x00007ff6f6120000 - 0x00007ff6f6157000 	C:\Java\jdk1.8.0_111\bin\javaw.exe
0x00007ffa0ffd0000 - 0x00007ffa101a1000 	C:\Windows\SYSTEM32\ntdll.dll
0x00007ffa0ff20000 - 0x00007ffa0ffcb000 	C:\Windows\System32\KERNEL32.DLL
0x00007ffa0c560000 - 0x00007ffa0c77d000 	C:\Windows\System32\KERNELBASE.dll
0x00007ffa0fbd0000 - 0x00007ffa0fc72000 	C:\Windows\System32\ADVAPI32.dll
0x00007ffa0f010000 - 0x00007ffa0f0ae000 	C:\Windows\System32\msvcrt.dll
0x00007ffa0fb00000 - 0x00007ffa0fb59000 	C:\Windows\System32\sechost.dll
0x00007ffa0ed40000 - 0x00007ffa0ee61000 	C:\Windows\System32\RPCRT4.dll
0x00007ffa0f120000 - 0x00007ffa0f285000 	C:\Windows\System32\USER32.dll
0x00007ffa0d4f0000 - 0x00007ffa0d50e000 	C:\Windows\System32\win32u.dll
0x00007ffa0fc80000 - 0x00007ffa0fcb4000 	C:\Windows\System32\GDI32.dll
0x00007ffa0c880000 - 0x00007ffa0ca02000 	C:\Windows\System32\gdi32full.dll
0x00007ffa049d0000 - 0x00007ffa04c4a000 	C:\Windows\WinSxS\amd64_microsoft.windows.common-controls_6595b64144ccf1df_6.0.14393.953_none_42151e83c686086b\COMCTL32.dll
0x00007ffa0ea70000 - 0x00007ffa0ed38000 	C:\Windows\System32\combase.dll
0x00007ffa0c780000 - 0x00007ffa0c875000 	C:\Windows\System32\ucrtbase.dll
0x00007ffa0ca10000 - 0x00007ffa0ca7a000 	C:\Windows\System32\bcryptPrimitives.dll
0x00007ffa0ef80000 - 0x00007ffa0efae000 	C:\Windows\System32\IMM32.DLL
0x0000000066770000 - 0x0000000066842000 	C:\Java\jdk1.8.0_111\jre\bin\msvcr100.dll
0x00000000669f0000 - 0x000000006728a000 	C:\Java\jdk1.8.0_111\jre\bin\server\jvm.dll
0x00007ffa0ff10000 - 0x00007ffa0ff18000 	C:\Windows\System32\PSAPI.DLL
0x00007ffa08640000 - 0x00007ffa0864a000 	C:\Windows\SYSTEM32\VERSION.dll
0x00007ffa0a360000 - 0x00007ffa0a383000 	C:\Windows\SYSTEM32\WINMM.dll
0x00007ff9fbf90000 - 0x00007ff9fbf99000 	C:\Windows\SYSTEM32\WSOCK32.dll
0x00007ffa0f0b0000 - 0x00007ffa0f11a000 	C:\Windows\System32\WS2_32.dll
0x00007ffa0a300000 - 0x00007ffa0a32b000 	C:\Windows\SYSTEM32\WINMMBASE.dll
0x00007ffa0d510000 - 0x00007ffa0d552000 	C:\Windows\System32\cfgmgr32.dll
0x0000000067950000 - 0x000000006795f000 	C:\Java\jdk1.8.0_111\jre\bin\verify.dll
0x0000000067920000 - 0x0000000067949000 	C:\Java\jdk1.8.0_111\jre\bin\java.dll
0x0000000067900000 - 0x0000000067916000 	C:\Java\jdk1.8.0_111\jre\bin\zip.dll
0x00007ffa0d560000 - 0x00007ffa0ea68000 	C:\Windows\System32\SHELL32.dll
0x00007ffa0ce10000 - 0x00007ffa0d4ea000 	C:\Windows\System32\windows.storage.dll
0x00007ffa0c450000 - 0x00007ffa0c49c000 	C:\Windows\System32\powrprof.dll
0x00007ffa0feb0000 - 0x00007ffa0ff02000 	C:\Windows\System32\shlwapi.dll
0x00007ffa0c440000 - 0x00007ffa0c44f000 	C:\Windows\System32\kernel.appcore.dll
0x00007ffa0ca80000 - 0x00007ffa0cb29000 	C:\Windows\System32\shcore.dll
0x00007ffa0c4a0000 - 0x00007ffa0c4b4000 	C:\Windows\System32\profapi.dll
0x0000000066850000 - 0x00000000669e8000 	C:\Java\jdk1.8.0_111\jre\bin\awt.dll
0x00007ffa0fdf0000 - 0x00007ffa0feaf000 	C:\Windows\System32\OLEAUT32.dll
0x00007ffa0c4c0000 - 0x00007ffa0c55c000 	C:\Windows\System32\msvcp_win.dll
0x00007ffa0a9d0000 - 0x00007ffa0aa4a000 	C:\Windows\SYSTEM32\apphelp.dll

VM Arguments:
jvm_args: -Dfile.encoding=GBK 
java_command: Test
java_class_path (initial): F:\workspace\Java对对碰按钮版（最终版）\bin;F:\workspace\.metadata\.plugins\org.dyno.visual.swing\layoutext\grouplayout.jar;C:\Users\44562\Desktop\mysql-connector-java-5.1.18\mysql-connector-java-5.1.18-bin.jar
Launcher Type: SUN_STANDARD

Environment Variables:
JAVA_HOME=C:\Java\jdk1.8.0_111
CLASSPATH=.;C:\Java\jdk1.8.0_111\lib;C:\Java\jdk1.8.0_111\lib\tools.jar
PATH=C:/Java/jdk1.8.0_111/bin/../jre/bin/server;C:/Java/jdk1.8.0_111/bin/../jre/bin;C:/Java/jdk1.8.0_111/bin/../jre/lib/amd64;C:\Windows\system32;C:\Windows;C:\Windows\System32\Wbem;C:\Windows\System32\WindowsPowerShell\v1.0\;C:\Program Files (x86)\NVIDIA Corporation\PhysX\Common;C:\Java\jdk1.8.0_111\bin;C:\Java\jdk1.8.0_111\jre\bin;C:\Program Files (x86)\Rational\common;C:\Program Files\Git\cmd;C:\Program Files\MySQL\MySQL Server 5.7\bin;C:\Users\44562\AppData\Local\Microsoft\WindowsApps;;C:\软件\eclipse;
USERNAME=44562
OS=Windows_NT
PROCESSOR_IDENTIFIER=Intel64 Family 6 Model 58 Stepping 9, GenuineIntel



---------------  S Y S T E M  ---------------

OS: Windows 10.0 , 64 bit Build 14393 (10.0.14393.0)

CPU:total 4 (2 cores per cpu, 2 threads per core) family 6 model 58 stepping 9, cmov, cx8, fxsr, mmx, sse, sse2, sse3, ssse3, sse4.1, sse4.2, popcnt, avx, aes, clmul, erms, ht, tsc, tscinvbit, tscinv

Memory: 4k page, physical 8334620k(2551420k free), swap 17294616k(4120k free)

vm_info: Java HotSpot(TM) 64-Bit Server VM (25.111-b14) for windows-amd64 JRE (1.8.0_111-b14), built on Sep 22 2016 19:24:05 by "java_re" with MS VC++ 10.0 (VS2010)

time: Fri Apr 14 10:22:36 2017
elapsed time: 0 seconds (0d 0h 0m 0s)

