#
# There is insufficient memory for the Java Runtime Environment to continue.
# Native memory allocation (malloc) failed to allocate 1048576 bytes for AllocateHeap
# Possible reasons:
#   The system is out of physical RAM or swap space
#   In 32 bit mode, the process size limit was hit
# Possible solutions:
#   Reduce memory load on the system
#   Increase physical memory or swap space
#   Check if swap backing store is full
#   Use 64 bit Java on a 64 bit OS
#   Decrease Java heap size (-Xmx/-Xms)
#   Decrease number of Java threads
#   Decrease Java thread stack sizes (-Xss)
#   Set larger code cache with -XX:ReservedCodeCacheSize=
# This output file may be truncated or incomplete.
#
#  Out of Memory Error (memory/allocation.inline.hpp:61), pid=2528, tid=0x0000000000003f30
#
# JRE version:  (8.0_111-b14) (build )
# Java VM: Java HotSpot(TM) 64-Bit Server VM (25.111-b14 mixed mode windows-amd64 compressed oops)
# Failed to write core dump. Minidumps are not enabled by default on client versions of Windows
#

---------------  T H R E A D  ---------------

Current thread (0x00000000033d0800):  JavaThread "Unknown thread" [_thread_in_vm, id=16176, stack(0x00000000032d0000,0x00000000033d0000)]

Stack: [0x00000000032d0000,0x00000000033d0000]
[error occurred during error reporting (printing stack bounds), id 0xc0000005]

Native frames: (J=compiled Java code, j=interpreted, Vv=VM code, C=native code)


---------------  P R O C E S S  ---------------

Java Threads: ( => current thread )

Other Threads:

=>0x00000000033d0800 (exited) JavaThread "Unknown thread" [_thread_in_vm, id=16176, stack(0x00000000032d0000,0x00000000033d0000)]

VM state:not at safepoint (normal execution)

VM Mutex/Monitor currently owned by a thread: None

Heap:
 PSYoungGen      total 38400K, used 665K [0x00000000d5980000, 0x00000000d8400000, 0x0000000100000000)
  eden space 33280K, 2% used [0x00000000d5980000,0x00000000d5a26670,0x00000000d7a00000)
  from space 5120K, 0% used [0x00000000d7f00000,0x00000000d7f00000,0x00000000d8400000)
  to   space 5120K, 0% used [0x00000000d7a00000,0x00000000d7a00000,0x00000000d7f00000)
 ParOldGen       total 87552K, used 0K [0x0000000080c00000, 0x0000000086180000, 0x00000000d5980000)
  object space 87552K, 0% used [0x0000000080c00000,0x0000000080c00000,0x0000000086180000)
 Metaspace       used 770K, capacity 4480K, committed 4480K, reserved 1056768K
  class space    used 75K, capacity 384K, committed 384K, reserved 1048576K

Card table byte_map: [0x0000000012890000,0x0000000012c90000] byte_map_base: 0x000000001248a000

Marking Bits: (ParMarkBitMap*) 0x000000006720a6c0
 Begin Bits: [0x0000000013340000, 0x0000000015310000)
 End Bits:   [0x0000000015310000, 0x00000000172e0000)

Polling page: 0x0000000002dc0000

CodeCache: size=245760Kb used=328Kb max_used=328Kb free=245431Kb
 bounds [0x00000000034d0000, 0x0000000003740000, 0x00000000124d0000]
 total_blobs=58 nmethods=0 adapters=38
 compilation: enabled

Compilation events (0 events):
No events

GC Heap History (0 events):
No events

Deoptimization events (0 events):
No events

Internal exceptions (0 events):
No events

Events (10 events):
Event: 0.066 loading class java/lang/Short
Event: 0.066 loading class java/lang/Short done
Event: 0.066 loading class java/lang/Integer
Event: 0.066 loading class java/lang/Integer done
Event: 0.066 loading class java/lang/Long
Event: 0.067 loading class java/lang/Long done
Event: 0.068 loading class java/lang/NullPointerException
Event: 0.068 loading class java/lang/NullPointerException done
Event: 0.068 loading class java/lang/ArithmeticException
Event: 0.068 loading class java/lang/ArithmeticException done


Dynamic libraries:
0x00007ff6f6120000 - 0x00007ff6f6157000 	C:\Java\jdk1.8.0_111\bin\javaw.exe
0x00007ffa0ffd0000 - 0x00007ffa101a1000 	C:\Windows\SYSTEM32\ntdll.dll
0x00007ffa0ff20000 - 0x00007ffa0ffcb000 	C:\Windows\System32\KERNEL32.DLL
0x00007ffa0c560000 - 0x00007ffa0c77d000 	C:\Windows\System32\KERNELBASE.dll
0x00007ffa0fbd0000 - 0x00007ffa0fc72000 	C:\Windows\System32\ADVAPI32.dll
0x00007ffa0f010000 - 0x00007ffa0f0ae000 	C:\Windows\System32\msvcrt.dll
0x00007ffa0fb00000 - 0x00007ffa0fb59000 	C:\Windows\System32\sechost.dll
0x00007ffa0ed40000 - 0x00007ffa0ee61000 	C:\Windows\System32\RPCRT4.dll
0x00007ffa0f120000 - 0x00007ffa0f285000 	C:\Windows\System32\USER32.dll
0x00007ffa0d4f0000 - 0x00007ffa0d50e000 	C:\Windows\System32\win32u.dll
0x00007ffa0fc80000 - 0x00007ffa0fcb4000 	C:\Windows\System32\GDI32.dll
0x00007ffa0c880000 - 0x00007ffa0ca02000 	C:\Windows\System32\gdi32full.dll
0x00007ffa049d0000 - 0x00007ffa04c4a000 	C:\Windows\WinSxS\amd64_microsoft.windows.common-controls_6595b64144ccf1df_6.0.14393.953_none_42151e83c686086b\COMCTL32.dll
0x00007ffa0ea70000 - 0x00007ffa0ed38000 	C:\Windows\System32\combase.dll
0x00007ffa0c780000 - 0x00007ffa0c875000 	C:\Windows\System32\ucrtbase.dll
0x00007ffa0ca10000 - 0x00007ffa0ca7a000 	C:\Windows\System32\bcryptPrimitives.dll
0x00007ffa0ef80000 - 0x00007ffa0efae000 	C:\Windows\System32\IMM32.DLL
0x0000000066770000 - 0x0000000066842000 	C:\Java\jdk1.8.0_111\jre\bin\msvcr100.dll
0x00000000669f0000 - 0x000000006728a000 	C:\Java\jdk1.8.0_111\jre\bin\server\jvm.dll
0x00007ffa0ff10000 - 0x00007ffa0ff18000 	C:\Windows\System32\PSAPI.DLL
0x00007ff9fbf90000 - 0x00007ff9fbf99000 	C:\Windows\SYSTEM32\WSOCK32.dll
0x00007ffa0a360000 - 0x00007ffa0a383000 	C:\Windows\SYSTEM32\WINMM.dll
0x00007ffa0f0b0000 - 0x00007ffa0f11a000 	C:\Windows\System32\WS2_32.dll
0x00007ffa08640000 - 0x00007ffa0864a000 	C:\Windows\SYSTEM32\VERSION.dll
0x00007ffa0a300000 - 0x00007ffa0a32b000 	C:\Windows\SYSTEM32\WINMMBASE.dll
0x00007ffa0d510000 - 0x00007ffa0d552000 	C:\Windows\System32\cfgmgr32.dll
0x0000000067950000 - 0x000000006795f000 	C:\Java\jdk1.8.0_111\jre\bin\verify.dll
0x0000000067920000 - 0x0000000067949000 	C:\Java\jdk1.8.0_111\jre\bin\java.dll
0x0000000067900000 - 0x0000000067916000 	C:\Java\jdk1.8.0_111\jre\bin\zip.dll

VM Arguments:
jvm_args: -Dfile.encoding=GBK 
java_command: Test
java_class_path (initial): F:\workspace\Java对对碰按钮版（最终版）\bin;F:\workspace\.metadata\.plugins\org.dyno.visual.swing\layoutext\grouplayout.jar;C:\Users\44562\Desktop\mysql-connector-java-5.1.18\mysql-connector-java-5.1.18-bin.jar
Launcher Type: SUN_STANDARD

Environment Variables:
JAVA_HOME=C:\Java\jdk1.8.0_111
CLASSPATH=.;C:\Java\jdk1.8.0_111\lib;C:\Java\jdk1.8.0_111\lib\tools.jar
PATH=C:/Java/jdk1.8.0_111/bin/../jre/bin/server;C:/Java/jdk1.8.0_111/bin/../jre/bin;C:/Java/jdk1.8.0_111/bin/../jre/lib/amd64;C:\Windows\system32;C:\Windows;C:\Windows\System32\Wbem;C:\Windows\System32\WindowsPowerShell\v1.0\;C:\Program Files (x86)\NVIDIA Corporation\PhysX\Common;C:\Java\jdk1.8.0_111\bin;C:\Java\jdk1.8.0_111\jre\bin;C:\Program Files (x86)\Rational\common;C:\Program Files\Git\cmd;C:\Program Files\MySQL\MySQL Server 5.7\bin;C:\Users\44562\AppData\Local\Microsoft\WindowsApps;;C:\软件\eclipse;
USERNAME=44562
OS=Windows_NT
PROCESSOR_IDENTIFIER=Intel64 Family 6 Model 58 Stepping 9, GenuineIntel



---------------  S Y S T E M  ---------------

OS: Windows 10.0 , 64 bit Build 14393 (10.0.14393.0)

CPU:total 4 (2 cores per cpu, 2 threads per core) family 6 model 58 stepping 9, cmov, cx8, fxsr, mmx, sse, sse2, sse3, ssse3, sse4.1, sse4.2, popcnt, avx, aes, clmul, erms, ht, tsc, tscinvbit, tscinv

Memory: 4k page, physical 8334620k(2550892k free), swap 17294616k(6064k free)

vm_info: Java HotSpot(TM) 64-Bit Server VM (25.111-b14) for windows-amd64 JRE (1.8.0_111-b14), built on Sep 22 2016 19:24:05 by "java_re" with MS VC++ 10.0 (VS2010)

time: Fri Apr 14 10:22:41 2017
elapsed time: 0 seconds (0d 0h 0m 0s)

